build/app/intermediates/manifest_merge_blame_file/release/manifest-merger-blame-release-report.txt
1<?xml version="1.0" encoding="utf-8"?>
2<manifest xmlns:android="http://schemas.android.com/apk/res/android"
3    package="com.torqueair.torqueair1"
4    android:versionCode="1"
5    android:versionName="1.0.0" >
6
7    <uses-sdk
8        android:minSdkVersion="19"
8-->src/main/AndroidManifest.xml
9        android:targetSdkVersion="31" />
9-->src/main/AndroidManifest.xml
10    <!-- <uses-permission android:name="android.permission.QUERY_ALL_PACKAGES"/> -->
11    <!-- required for API 18 - 30 -->
12    <uses-permission
12-->src/main/AndroidManifest.xml:5:5-7:38
13        android:name="android.permission.BLUETOOTH"
13-->src/main/AndroidManifest.xml:6:9-52
14        android:maxSdkVersion="31" />
14-->src/main/AndroidManifest.xml:7:9-35
15    <uses-permission
15-->src/main/AndroidManifest.xml:8:5-10:38
16        android:name="android.permission.BLUETOOTH_ADMIN"
16-->src/main/AndroidManifest.xml:9:9-58
17        android:maxSdkVersion="31" />
17-->src/main/AndroidManifest.xml:10:9-35
18
19    <!-- required for API 23 - 30 -->
20    <uses-permission
20-->src/main/AndroidManifest.xml:13:5-15:38
21        android:name="android.permission.ACCESS_COARSE_LOCATION"
21-->src/main/AndroidManifest.xml:14:9-65
22        android:maxSdkVersion="31" />
22-->src/main/AndroidManifest.xml:15:9-35
23    <uses-permission
23-->src/main/AndroidManifest.xml:16:5-18:38
24        android:name="android.permission.ACCESS_FINE_LOCATION"
24-->src/main/AndroidManifest.xml:17:9-63
25        android:maxSdkVersion="31" />
25-->src/main/AndroidManifest.xml:18:9-35
26
27    <!-- API 31+ -->
28    <uses-permission android:name="android.permission.BLUETOOTH_CONNECT" />
28-->src/main/AndroidManifest.xml:21:5-76
28-->src/main/AndroidManifest.xml:21:22-73
29    <!--
30         add android:usesPermissionFlags="neverForLocation" when you can strongly assert that
31         your app never derives physical location from Bluetooth scan results.
32    -->
33    <uses-permission
33-->src/main/AndroidManifest.xml:24:6-26:62
34        android:name="android.permission.BLUETOOTH_SCAN"
34-->src/main/AndroidManifest.xml:25:13-61
35        android:usesPermissionFlags="neverForLocation" />
35-->src/main/AndroidManifest.xml:26:13-59
36    <uses-permission android:name="android.permission.INTERNET" />
36-->src/main/AndroidManifest.xml:27:6-67
36-->src/main/AndroidManifest.xml:27:23-65
37
38    <application
38-->src/main/AndroidManifest.xml:28:4-66:19
39        android:appComponentFactory="androidx.core.app.CoreComponentFactory"
39-->[androidx.core:core:1.6.0] AndroidManifest.xml:24:18-86
40        android:icon="@mipmap/ic_launcher"
40-->src/main/AndroidManifest.xml:30:9-43
41        android:label="Torque Air" >
41-->src/main/AndroidManifest.xml:29:9-35
42        <activity
42-->src/main/AndroidManifest.xml:31:9-60:20
43            android:name="com.torqueair.torqueair1.MainActivity"
43-->src/main/AndroidManifest.xml:33:13-41
44            android:configChanges="orientation|keyboardHidden|keyboard|screenSize|smallestScreenSize|locale|layoutDirection|fontScale|screenLayout|density|uiMode"
44-->src/main/AndroidManifest.xml:36:13-163
45            android:exported="true"
45-->src/main/AndroidManifest.xml:32:13-36
46            android:hardwareAccelerated="true"
46-->src/main/AndroidManifest.xml:37:13-47
47            android:launchMode="singleTop"
47-->src/main/AndroidManifest.xml:34:13-43
48            android:theme="@style/LaunchTheme"
48-->src/main/AndroidManifest.xml:35:13-47
49            android:windowSoftInputMode="adjustResize" >
49-->src/main/AndroidManifest.xml:38:13-55
50
51            <!--
52                 Specifies an Android theme to apply to this Activity as soon as
53                 the Android process has started. This theme is visible to the user
54                 while the Flutter UI initializes. After that, this theme continues
55                 to determine the Window background behind the Flutter UI.
56            -->
57            <meta-data
57-->src/main/AndroidManifest.xml:43:13-46:17
58                android:name="io.flutter.embedding.android.NormalTheme"
58-->src/main/AndroidManifest.xml:44:15-70
59                android:resource="@style/NormalTheme" />
59-->src/main/AndroidManifest.xml:45:15-52
60            <!--
61                 Displays an Android View that continues showing the launch screen
62                 Drawable until Flutter paints its first frame, then this splash
63                 screen fades out. A splash screen is useful to avoid any visual
64                 gap between the end of Android's launch screen and the painting of
65                 Flutter's first frame.
66            -->
67            <meta-data
67-->src/main/AndroidManifest.xml:52:13-55:17
68                android:name="io.flutter.embedding.android.SplashScreenDrawable"
68-->src/main/AndroidManifest.xml:53:15-79
69                android:resource="@drawable/launch_background" />
69-->src/main/AndroidManifest.xml:54:15-61
70
71            <intent-filter>
71-->src/main/AndroidManifest.xml:56:13-59:29
72                <action android:name="android.intent.action.MAIN" />
72-->src/main/AndroidManifest.xml:57:17-68
72-->src/main/AndroidManifest.xml:57:25-66
73
74                <category android:name="android.intent.category.LAUNCHER" />
74-->src/main/AndroidManifest.xml:58:17-76
74-->src/main/AndroidManifest.xml:58:27-74
75            </intent-filter>
76        </activity>
77        <!--
78             Don't delete the meta-data below.
79             This is used by the Flutter tool to generate GeneratedPluginRegistrant.java
80        -->
81        <meta-data
81-->src/main/AndroidManifest.xml:63:9-65:33
82            android:name="flutterEmbedding"
82-->src/main/AndroidManifest.xml:64:13-44
83            android:value="2" />
83-->src/main/AndroidManifest.xml:65:13-30
84
85        <activity
85-->[:url_launcher_android] AndroidManifest.xml:8:9-11:74
86            android:name="io.flutter.plugins.urllauncher.WebViewActivity"
86-->[:url_launcher_android] AndroidManifest.xml:9:13-74
87            android:exported="false"
87-->[:url_launcher_android] AndroidManifest.xml:10:13-37
88            android:theme="@android:style/Theme.NoTitleBar.Fullscreen" />
88-->[:url_launcher_android] AndroidManifest.xml:11:13-71
89        <activity
89-->[com.google.android.gms:play-services-base:17.0.0] AndroidManifest.xml:23:9-26:75
90            android:name="com.google.android.gms.common.api.GoogleApiActivity"
90-->[com.google.android.gms:play-services-base:17.0.0] AndroidManifest.xml:24:13-79
91            android:exported="false"
91-->[com.google.android.gms:play-services-base:17.0.0] AndroidManifest.xml:25:13-37
92            android:theme="@android:style/Theme.Translucent.NoTitleBar" />
92-->[com.google.android.gms:play-services-base:17.0.0] AndroidManifest.xml:26:13-72
93
94        <meta-data
94-->[com.google.android.gms:play-services-basement:17.0.0] AndroidManifest.xml:23:9-25:69
95            android:name="com.google.android.gms.version"
95-->[com.google.android.gms:play-services-basement:17.0.0] AndroidManifest.xml:24:13-58
96            android:value="@integer/google_play_services_version" />
96-->[com.google.android.gms:play-services-basement:17.0.0] AndroidManifest.xml:25:13-66
97    </application>
98
99</manifest>